<?xml version="1.0" encoding="UTF-8"?>
<robot generator="Robot 6.1.1 (Python 3.12.0 on win32)" generated="20231024 08:32:36.317" rpa="false" schemaversion="4">
<suite id="s1" name="Login" source="D:\Project\Robot_Framework\step\login.robot">
<kw name="Open Browser" library="SeleniumLibrary" type="SETUP">
<arg>${webSauceDemo}</arg>
<arg>${BROWSER}</arg>
<doc>Opens a new browser instance to the optional ``url``.</doc>
<msg timestamp="20231024 08:32:39.516" level="INFO">Opening browser 'chrome' to base url 'https://www.saucedemo.com/v1/'.</msg>
<status status="PASS" starttime="20231024 08:32:39.516" endtime="20231024 08:33:15.630"/>
</kw>
<test id="s1-t1" name="user login with valid data" line="33">
<kw name="input Username">
<kw name="Input Text" library="SeleniumLibrary">
<arg>${txtUsername}</arg>
<arg>standard_user</arg>
<doc>Types the given ``text`` into the text field identified by ``locator``.</doc>
<msg timestamp="20231024 08:33:15.635" level="INFO">Typing text 'standard_user' into text field 'user-name'.</msg>
<status status="PASS" starttime="20231024 08:33:15.630" endtime="20231024 08:33:15.769"/>
</kw>
<status status="PASS" starttime="20231024 08:33:15.630" endtime="20231024 08:33:15.769"/>
</kw>
<kw name="input password">
<kw name="Input Text" library="SeleniumLibrary">
<arg>${txtPassword}</arg>
<arg>secret_sauce</arg>
<doc>Types the given ``text`` into the text field identified by ``locator``.</doc>
<msg timestamp="20231024 08:33:15.769" level="INFO">Typing text 'secret_sauce' into text field 'password'.</msg>
<status status="PASS" starttime="20231024 08:33:15.769" endtime="20231024 08:33:15.867"/>
</kw>
<status status="PASS" starttime="20231024 08:33:15.769" endtime="20231024 08:33:15.868"/>
</kw>
<kw name="Click Button Login">
<kw name="Click Element" library="SeleniumLibrary">
<arg>${btnLogin}</arg>
<doc>Click the element identified by ``locator``.</doc>
<msg timestamp="20231024 08:33:15.869" level="INFO">Clicking element 'login-button'.</msg>
<status status="PASS" starttime="20231024 08:33:15.868" endtime="20231024 08:33:19.822"/>
</kw>
<kw name="Sleep" library="BuiltIn">
<arg>1s</arg>
<doc>Pauses the test executed for the given time.</doc>
<msg timestamp="20231024 08:33:20.849" level="INFO">Slept 1 second</msg>
<status status="PASS" starttime="20231024 08:33:19.822" endtime="20231024 08:33:20.849"/>
</kw>
<status status="PASS" starttime="20231024 08:33:15.868" endtime="20231024 08:33:20.849"/>
</kw>
<status status="PASS" starttime="20231024 08:33:15.630" endtime="20231024 08:33:20.849"/>
</test>
<kw name="Close Browser" library="SeleniumLibrary" type="TEARDOWN">
<doc>Closes the current browser.</doc>
<status status="PASS" starttime="20231024 08:33:20.851" endtime="20231024 08:33:23.184"/>
</kw>
<status status="PASS" starttime="20231024 08:32:36.317" endtime="20231024 08:33:23.184"/>
</suite>
<statistics>
<total>
<stat pass="1" fail="0" skip="0">All Tests</stat>
</total>
<tag>
</tag>
<suite>
<stat pass="1" fail="0" skip="0" id="s1" name="Login">Login</stat>
</suite>
</statistics>
<errors>
</errors>
</robot>
