<?xml version="1.0" encoding="UTF-8"?>
<robot generator="Robot 6.1.1 (Python 3.12.0 on win32)" generated="20231024 13:44:47.481" rpa="false" schemaversion="4">
<suite id="s1" name="Test" source="d:\Project\Robot_Framework\test\test.robot">
<test id="s1-t1" name="Login Valid data" line="7">
<kw name="Input Valid data" library="step">
<kw name="Open Browser" library="SeleniumLibrary">
<arg>${urlsaucedemo}</arg>
<arg>Chrome</arg>
<doc>Opens a new browser instance to the optional ``url``.</doc>
<msg timestamp="20231024 13:44:48.402" level="INFO">Opening browser 'Chrome' to base url 'https://www.saucedemo.com/v1/'.</msg>
<status status="PASS" starttime="20231024 13:44:48.398" endtime="20231024 13:44:52.161"/>
</kw>
<kw name="Input Text" library="SeleniumLibrary">
<arg>${txfusername}</arg>
<arg>standard_user</arg>
<doc>Types the given ``text`` into the text field identified by ``locator``.</doc>
<msg timestamp="20231024 13:44:52.166" level="INFO">Typing text 'standard_user' into text field 'id = user-name'.</msg>
<status status="PASS" starttime="20231024 13:44:52.162" endtime="20231024 13:44:52.299"/>
</kw>
<kw name="Input Text" library="SeleniumLibrary">
<arg>${txfpassword}</arg>
<arg>secret_sauce</arg>
<doc>Types the given ``text`` into the text field identified by ``locator``.</doc>
<msg timestamp="20231024 13:44:52.304" level="INFO">Typing text 'secret_sauce' into text field 'id = password'.</msg>
<status status="PASS" starttime="20231024 13:44:52.300" endtime="20231024 13:44:52.403"/>
</kw>
<kw name="Click Element" library="SeleniumLibrary">
<arg>${btnlogin}</arg>
<doc>Click the element identified by ``locator``.</doc>
<msg timestamp="20231024 13:44:52.406" level="INFO">Clicking element 'id = login-button'.</msg>
<status status="PASS" starttime="20231024 13:44:52.404" endtime="20231024 13:44:59.832"/>
</kw>
<status status="PASS" starttime="20231024 13:44:48.393" endtime="20231024 13:44:59.832"/>
</kw>
<kw name="Close Browser" library="SeleniumLibrary">
<doc>Closes the current browser.</doc>
<status status="PASS" starttime="20231024 13:44:59.832" endtime="20231024 13:45:02.030"/>
</kw>
<status status="PASS" starttime="20231024 13:44:48.389" endtime="20231024 13:45:02.034"/>
</test>
<test id="s1-t2" name="Login Invalid data" line="11">
<kw name="Input Invalid data" library="step">
<kw name="Open Browser" library="SeleniumLibrary">
<arg>${urlsaucedemo}</arg>
<arg>Chrome</arg>
<doc>Opens a new browser instance to the optional ``url``.</doc>
<msg timestamp="20231024 13:45:02.045" level="INFO">Opening browser 'Chrome' to base url 'https://www.saucedemo.com/v1/'.</msg>
<status status="PASS" starttime="20231024 13:45:02.042" endtime="20231024 13:45:05.465"/>
</kw>
<kw name="Input Text" library="SeleniumLibrary">
<arg>${txfusername}</arg>
<arg>xxxxaaaaxxxx</arg>
<doc>Types the given ``text`` into the text field identified by ``locator``.</doc>
<msg timestamp="20231024 13:45:05.465" level="INFO">Typing text 'xxxxaaaaxxxx' into text field 'id = user-name'.</msg>
<status status="PASS" starttime="20231024 13:45:05.465" endtime="20231024 13:45:05.591"/>
</kw>
<kw name="Input Text" library="SeleniumLibrary">
<arg>${txfpassword}</arg>
<arg>zzzzccvzzzzz</arg>
<doc>Types the given ``text`` into the text field identified by ``locator``.</doc>
<msg timestamp="20231024 13:45:05.597" level="INFO">Typing text 'zzzzccvzzzzz' into text field 'id = password'.</msg>
<status status="PASS" starttime="20231024 13:45:05.595" endtime="20231024 13:45:05.687"/>
</kw>
<kw name="Click Element" library="SeleniumLibrary">
<arg>${btnlogin}</arg>
<doc>Click the element identified by ``locator``.</doc>
<msg timestamp="20231024 13:45:05.687" level="INFO">Clicking element 'id = login-button'.</msg>
<status status="PASS" starttime="20231024 13:45:05.687" endtime="20231024 13:45:05.755"/>
</kw>
<status status="PASS" starttime="20231024 13:45:02.041" endtime="20231024 13:45:05.756"/>
</kw>
<kw name="Close Browser" library="SeleniumLibrary">
<doc>Closes the current browser.</doc>
<status status="PASS" starttime="20231024 13:45:05.757" endtime="20231024 13:45:07.909"/>
</kw>
<status status="PASS" starttime="20231024 13:45:02.038" endtime="20231024 13:45:07.913"/>
</test>
<status status="PASS" starttime="20231024 13:44:47.495" endtime="20231024 13:45:07.917"/>
</suite>
<statistics>
<total>
<stat pass="2" fail="0" skip="0">All Tests</stat>
</total>
<tag>
</tag>
<suite>
<stat pass="2" fail="0" skip="0" id="s1" name="Test">Test</stat>
</suite>
</statistics>
<errors>
</errors>
</robot>
